0 info it worked if it ends with ok
1 verbose cli [ 'e:\\nodejs\\node.exe',
1 verbose cli   'c:\\Users\\Howson\\AppData\\Roaming\\npm\\node_modules\\@tencent\\tnpm\\node_modules\\npm\\bin\\npm-cli.js',
1 verbose cli   '--proxy=http://p.tnpm.oa.com:80',
1 verbose cli   '--userconfig=C:\\Users\\Howson\\.tnpmrc',
1 verbose cli   '--disturl=http://tnpm.oa.com/mirrors/node',
1 verbose cli   '--cache=C:\\Users\\Howson\\.tnpm',
1 verbose cli   '--registry=http://r.tnpm.oa.com',
1 verbose cli   '--node-gyp=c:\\Users\\Howson\\AppData\\Roaming\\npm\\node_modules\\@tencent\\tnpm\\node_modules\\node-gyp\\bin\\node-gyp.js',
1 verbose cli   'i',
1 verbose cli   'snabbdom',
1 verbose cli   'snabby',
1 verbose cli   '--save' ]
2 info using npm@3.8.3
3 info using node@v7.7.1
4 silly loadCurrentTree Starting
5 silly install loadCurrentTree
6 silly install readLocalPackageData
7 silly fetchPackageMetaData snabbdom
8 silly fetchPackageMetaData snabby
9 silly fetchNamedPackageData snabbdom
10 silly mapToRegistry name snabbdom
11 silly mapToRegistry using default registry
12 silly mapToRegistry registry http://r.tnpm.oa.com/
13 silly mapToRegistry data Result {
13 silly mapToRegistry   raw: 'snabbdom',
13 silly mapToRegistry   scope: null,
13 silly mapToRegistry   name: 'snabbdom',
13 silly mapToRegistry   rawSpec: '',
13 silly mapToRegistry   spec: 'latest',
13 silly mapToRegistry   type: 'tag' }
14 silly mapToRegistry uri http://r.tnpm.oa.com/snabbdom
15 silly fetchNamedPackageData snabby
16 silly mapToRegistry name snabby
17 silly mapToRegistry using default registry
18 silly mapToRegistry registry http://r.tnpm.oa.com/
19 silly mapToRegistry data Result {
19 silly mapToRegistry   raw: 'snabby',
19 silly mapToRegistry   scope: null,
19 silly mapToRegistry   name: 'snabby',
19 silly mapToRegistry   rawSpec: '',
19 silly mapToRegistry   spec: 'latest',
19 silly mapToRegistry   type: 'tag' }
20 silly mapToRegistry uri http://r.tnpm.oa.com/snabby
21 verbose request uri http://r.tnpm.oa.com/snabbdom
22 verbose request no auth needed
23 info attempt registry request try #1 at 22:37:10
24 verbose request id e652041ed5bba981
25 http request GET http://r.tnpm.oa.com/snabbdom
26 verbose request uri http://r.tnpm.oa.com/snabby
27 verbose request no auth needed
28 info attempt registry request try #1 at 22:37:10
29 http request GET http://r.tnpm.oa.com/snabby
30 info retry will retry, error on last attempt: Error: getaddrinfo ENOTFOUND p.tnpm.oa.com p.tnpm.oa.com:80
31 info retry will retry, error on last attempt: Error: getaddrinfo ENOTFOUND p.tnpm.oa.com p.tnpm.oa.com:80
32 info attempt registry request try #2 at 22:37:20
33 http request GET http://r.tnpm.oa.com/snabbdom
34 info attempt registry request try #2 at 22:37:20
35 http request GET http://r.tnpm.oa.com/snabby
36 info retry will retry, error on last attempt: Error: getaddrinfo ENOTFOUND p.tnpm.oa.com p.tnpm.oa.com:80
37 info retry will retry, error on last attempt: Error: getaddrinfo ENOTFOUND p.tnpm.oa.com p.tnpm.oa.com:80
38 info attempt registry request try #3 at 22:38:20
39 http request GET http://r.tnpm.oa.com/snabbdom
40 info attempt registry request try #3 at 22:38:20
41 http request GET http://r.tnpm.oa.com/snabby
42 silly fetchPackageMetaData Error: getaddrinfo ENOTFOUND p.tnpm.oa.com p.tnpm.oa.com:80
42 silly fetchPackageMetaData     at errnoException (dns.js:28:10)
42 silly fetchPackageMetaData     at GetAddrInfoReqWrap.onlookup [as oncomplete] (dns.js:73:26)
42 silly fetchPackageMetaData  error for snabbdom { Error: getaddrinfo ENOTFOUND p.tnpm.oa.com p.tnpm.oa.com:80
42 silly fetchPackageMetaData     at errnoException (dns.js:28:10)
42 silly fetchPackageMetaData     at GetAddrInfoReqWrap.onlookup [as oncomplete] (dns.js:73:26)
42 silly fetchPackageMetaData   code: 'ENOTFOUND',
42 silly fetchPackageMetaData   errno: 'ENOTFOUND',
42 silly fetchPackageMetaData   syscall: 'getaddrinfo',
42 silly fetchPackageMetaData   hostname: 'p.tnpm.oa.com',
42 silly fetchPackageMetaData   host: 'p.tnpm.oa.com',
42 silly fetchPackageMetaData   port: '80' }
43 silly fetchPackageMetaData Error: getaddrinfo ENOTFOUND p.tnpm.oa.com p.tnpm.oa.com:80
43 silly fetchPackageMetaData     at errnoException (dns.js:28:10)
43 silly fetchPackageMetaData     at GetAddrInfoReqWrap.onlookup [as oncomplete] (dns.js:73:26)
43 silly fetchPackageMetaData  error for snabby { Error: getaddrinfo ENOTFOUND p.tnpm.oa.com p.tnpm.oa.com:80
43 silly fetchPackageMetaData     at errnoException (dns.js:28:10)
43 silly fetchPackageMetaData     at GetAddrInfoReqWrap.onlookup [as oncomplete] (dns.js:73:26)
43 silly fetchPackageMetaData   code: 'ENOTFOUND',
43 silly fetchPackageMetaData   errno: 'ENOTFOUND',
43 silly fetchPackageMetaData   syscall: 'getaddrinfo',
43 silly fetchPackageMetaData   hostname: 'p.tnpm.oa.com',
43 silly fetchPackageMetaData   host: 'p.tnpm.oa.com',
43 silly fetchPackageMetaData   port: '80' }
44 silly rollbackFailedOptional Starting
45 silly rollbackFailedOptional Finishing
46 silly runTopLevelLifecycles Starting
47 silly runTopLevelLifecycles Finishing
48 silly install printInstalled
49 verbose stack Error: getaddrinfo ENOTFOUND p.tnpm.oa.com p.tnpm.oa.com:80
49 verbose stack     at errnoException (dns.js:28:10)
49 verbose stack     at GetAddrInfoReqWrap.onlookup [as oncomplete] (dns.js:73:26)
50 verbose cwd S:\_TEST_
51 error Windows_NT 10.0.10240
52 error argv "e:\\nodejs\\node.exe" "c:\\Users\\Howson\\AppData\\Roaming\\npm\\node_modules\\@tencent\\tnpm\\node_modules\\npm\\bin\\npm-cli.js" "--proxy=http://p.tnpm.oa.com:80" "--userconfig=C:\\Users\\Howson\\.tnpmrc" "--disturl=http://tnpm.oa.com/mirrors/node" "--cache=C:\\Users\\Howson\\.tnpm" "--registry=http://r.tnpm.oa.com" "--node-gyp=c:\\Users\\Howson\\AppData\\Roaming\\npm\\node_modules\\@tencent\\tnpm\\node_modules\\node-gyp\\bin\\node-gyp.js" "i" "snabbdom" "snabby" "--save"
53 error node v7.7.1
54 error npm  v3.8.3
55 error code ENOTFOUND
56 error errno ENOTFOUND
57 error syscall getaddrinfo
58 error network getaddrinfo ENOTFOUND p.tnpm.oa.com p.tnpm.oa.com:80
59 error network This is most likely not a problem with npm itself
59 error network and is related to network connectivity.
59 error network In most cases you are behind a proxy or have bad network settings.
59 error network
59 error network If you are behind a proxy, please make sure that the
59 error network 'proxy' config is set properly.  See: 'npm help config'
60 verbose exit [ 1, true ]
